TN:
SF:/home/dominique/Projets/magneta-finance-contracts/contracts/core/MagnetaPool.sol
DA:1,0
DA:21,2017
DA:25,0
DA:26,1
DA:27,1
DA:28,0
DA:37,2
DA:66,15
DA:69,0
DA:72,0
DA:75,0
DA:82,0
DA:83,0
DA:128,0
DA:132,0
DA:136,0
DA:152,1
DA:153,5
DA:154,2
DA:175,5
DA:176,3
DA:179,13
DA:181,21
DA:182,3
DA:183,3
DA:184,0
DA:189,5
DA:190,0
DA:193,2
DA:195,6
DA:196,17
DA:208,2
DA:244,5
DA:245,9
DA:246,11
DA:247,10
DA:252,6
DA:253,8
DA:255,10
DA:256,12
DA:260,20
DA:262,10
DA:264,1
DA:267,21
DA:272,15
DA:273,10
DA:275,9
DA:277,1
DA:278,3
DA:281,0
DA:282,0
DA:286,14
DA:287,6
DA:289,9
DA:290,6
DA:295,7
DA:296,7
DA:299,9
DA:300,9
DA:305,12
DA:306,2
DA:307,3
DA:312,19
DA:313,12
DA:317,7
DA:321,7
DA:322,5
DA:323,17
DA:326,6
DA:330,13
DA:339,11
DA:372,0
DA:373,0
DA:375,0
DA:376,0
DA:378,0
DA:379,0
DA:380,0
DA:384,0
DA:385,0
DA:387,0
DA:388,0
DA:391,0
DA:392,0
DA:393,0
DA:396,0
DA:397,0
DA:398,0
DA:401,0
DA:402,0
DA:408,0
DA:409,0
DA:411,0
DA:424,0
DA:425,0
DA:427,0
DA:428,0
DA:429,0
DA:431,0
DA:432,0
DA:433,0
DA:434,0
DA:437,0
DA:438,0
DA:442,0
DA:456,0
DA:457,0
DA:459,0
DA:470,2
DA:471,2
DA:482,2
DA:483,2
DA:491,0
DA:496,0
DA:497,0
DA:499,0
DA:500,0
DA:502,0
DA:503,0
DA:505,0
DA:507,0
DA:508,0
DA:509,0
DA:510,0
DA:512,0
DA:532,2
DA:533,7
DA:535,1
DA:536,8
DA:538,3
DA:539,18
DA:542,9
DA:547,14
DA:548,15
DA:550,18
DA:552,2
DA:553,8
DA:554,7
DA:555,6
DA:557,5
DA:558,2
DA:559,12
DA:562,8
DA:563,6
DA:564,6
DA:566,6
DA:567,6
DA:571,7
DA:572,6
DA:575,3
DA:590,0
DA:591,0
DA:592,0
DA:598,0
DA:599,0
DA:600,0
DA:608,0
DA:609,0
DA:610,0
DA:611,0
DA:612,0
DA:615,0
DA:616,0
DA:617,0
DA:621,3
DA:622,4
DA:623,1
DA:624,2
DA:625,9
DA:626,5
DA:627,10
DA:629,3
DA:633,13
end_of_record

SF:/home/dominique/Projets/magneta-finance-contracts/node_modules/@openzeppelin/contracts/access/Ownable.sol
DA:29,4
DA:35,8
DA:44,1
DA:50,2
DA:51,1
DA:79,1
DA:81,2
end_of_record

SF:/home/dominique/Projets/magneta-finance-contracts/node_modules/@openzeppelin/contracts/access/Ownable2Step.sol
DA:28,0
DA:36,0
DA:37,0
DA:44,2
DA:45,1
DA:54,0
end_of_record

SF:/home/dominique/Projets/magneta-finance-contracts/node_modules/@openzeppelin/contracts/security/Pausable.sol
DA:34,1
DA:44,8
DA:65,1
DA:71,2
DA:90,0
DA:91,0
DA:103,0
end_of_record

SF:/home/dominique/Projets/magneta-finance-contracts/node_modules/@openzeppelin/contracts/security/ReentrancyGuard.sol
DA:34,1
DA:35,4
DA:40,1
DA:50,9
DA:56,2
DA:58,3
DA:67,2
end_of_record

SF:/home/dominique/Projets/magneta-finance-contracts/node_modules/@openzeppelin/contracts/token/ERC20/ERC20.sol
DA:38,638
DA:55,1
DA:56,1
DA:88,0
DA:95,0
DA:115,4
DA:138,3
DA:161,7
DA:179,0
DA:200,0
DA:202,0
DA:222,2
DA:223,3
DA:224,3
DA:229,4
DA:237,2
DA:252,1
DA:256,2
DA:261,3
DA:308,2
DA:309,6
DA:310,3
DA:313,2
DA:326,7
DA:327,0
DA:329,0
end_of_record

SF:/home/dominique/Projets/magneta-finance-contracts/node_modules/@openzeppelin/contracts/token/ERC20/IERC20.sol
end_of_record

SF:/home/dominique/Projets/magneta-finance-contracts/node_modules/@openzeppelin/contracts/token/ERC20/extensions/IERC20Metadata.sol
end_of_record

SF:/home/dominique/Projets/magneta-finance-contracts/node_modules/@openzeppelin/contracts/token/ERC20/extensions/IERC20Permit.sol
end_of_record

SF:/home/dominique/Projets/magneta-finance-contracts/node_modules/@openzeppelin/contracts/token/ERC20/utils/SafeERC20.sol
DA:19,0
DA:26,2
DA:27,14
DA:34,1
DA:35,11
DA:117,4
DA:123,26
end_of_record

SF:/home/dominique/Projets/magneta-finance-contracts/node_modules/@openzeppelin/contracts/token/ERC721/ERC721.sol
DA:19,0
DA:54,0
DA:55,0
DA:62,3
DA:63,4
DA:64,1
DA:70,0
DA:72,0
DA:87,0
DA:94,0
DA:113,0
DA:114,0
DA:117,0
DA:127,0
DA:128,0
DA:130,0
DA:144,0
DA:152,0
DA:154,0
DA:161,0
DA:167,0
DA:168,0
DA:191,0
DA:192,3
DA:199,2
DA:210,1
DA:211,4
DA:221,0
DA:222,0
DA:223,0
DA:246,2
DA:247,3
DA:266,7
DA:271,4
DA:283,6
DA:300,0
DA:305,0
DA:317,0
DA:333,0
DA:334,0
DA:335,0
DA:340,0
DA:343,0
DA:354,0
DA:356,0
DA:368,0
DA:377,0
DA:378,0
DA:379,0
DA:385,0
DA:386,0
DA:399,4
DA:405,2
DA:406,21
DA:407,0
DA:408,4
DA:409,3
DA:410,7
DA:413,0
DA:419,6
end_of_record

SF:/home/dominique/Projets/magneta-finance-contracts/node_modules/@openzeppelin/contracts/token/ERC721/IERC721.sol
end_of_record

SF:/home/dominique/Projets/magneta-finance-contracts/node_modules/@openzeppelin/contracts/token/ERC721/IERC721Receiver.sol
end_of_record

SF:/home/dominique/Projets/magneta-finance-contracts/node_modules/@openzeppelin/contracts/token/ERC721/extensions/ERC721Enumerable.sol
DA:31,0
DA:38,0
DA:39,0
DA:46,0
DA:53,0
DA:54,0
DA:75,0
DA:77,0
DA:80,0
DA:82,5
DA:93,5
DA:94,1
DA:95,1
DA:103,3
DA:119,0
DA:120,0
DA:123,0
DA:124,0
DA:132,0
DA:144,0
DA:145,0
DA:150,0
DA:152,0
end_of_record

SF:/home/dominique/Projets/magneta-finance-contracts/node_modules/@openzeppelin/contracts/token/ERC721/extensions/IERC721Enumerable.sol
end_of_record

SF:/home/dominique/Projets/magneta-finance-contracts/node_modules/@openzeppelin/contracts/token/ERC721/extensions/IERC721Metadata.sol
end_of_record

SF:/home/dominique/Projets/magneta-finance-contracts/node_modules/@openzeppelin/contracts/utils/Address.sol
DA:9,0
DA:45,5
DA:135,16
DA:136,5
DA:195,4
DA:201,3
DA:202,3
DA:207,3
DA:233,0
DA:236,0
DA:241,0
end_of_record

SF:/home/dominique/Projets/magneta-finance-contracts/node_modules/@openzeppelin/contracts/utils/Context.sol
DA:18,3
end_of_record

SF:/home/dominique/Projets/magneta-finance-contracts/node_modules/@openzeppelin/contracts/utils/Strings.sol
DA:12,0
end_of_record

SF:/home/dominique/Projets/magneta-finance-contracts/node_modules/@openzeppelin/contracts/utils/introspection/ERC165.sol
DA:27,0
end_of_record

SF:/home/dominique/Projets/magneta-finance-contracts/node_modules/@openzeppelin/contracts/utils/introspection/IERC165.sol
end_of_record

SF:/home/dominique/Projets/magneta-finance-contracts/node_modules/@openzeppelin/contracts/utils/math/Math.sol
DA:9,0
end_of_record

SF:/home/dominique/Projets/magneta-finance-contracts/node_modules/@openzeppelin/contracts/utils/math/SignedMath.sol
DA:9,0
end_of_record

SF:/home/dominique/Projets/magneta-finance-contracts/test/echidna/EchidnaMagnetaPool.sol
DA:8,652
DA:9,4
DA:32,1179
DA:35,0
DA:39,23
DA:43,1
DA:44,0
DA:45,0
DA:50,1
DA:53,36
DA:54,30
DA:55,23
DA:57,33
DA:58,39
DA:59,32
DA:60,49
DA:62,44
DA:63,49
DA:64,34
DA:66,1
DA:71,13
DA:72,2
DA:73,54
DA:74,46
DA:75,52
DA:76,4
DA:77,58
DA:78,10
DA:83,12
DA:84,2
DA:85,57
DA:86,43
DA:87,50
DA:88,6
DA:89,56
DA:90,10
DA:95,6
DA:96,2
DA:97,46
DA:98,5
DA:99,6
DA:100,55
DA:101,54
DA:102,15
DA:103,0
DA:108,3
DA:109,46
DA:110,5
DA:111,7
DA:119,6
DA:120,0
DA:121,0
DA:127,0
DA:128,0
DA:129,0
DA:130,0
DA:131,0
DA:137,0
DA:142,0
DA:143,0
DA:144,0
DA:145,0
DA:151,1
DA:159,0
end_of_record

